<!DOCTYPE html PUBLIC "-//W3C//DTD XHTML 1.1//EN" "https://www.w3.org/TR/xhtml11/DTD/xhtml11.dtd">
<html xmlns="https://www.w3.org/1999/xhtml">
<head>
<meta http-equiv="content-type" content="text/html; charset=UTF-8"/>
<title>TestNG Report</title>
<style type="text/css">table {margin-bottom:10px;border-collapse:collapse;empty-cells:show}th,td {border:1px solid #009;padding:.25em .5em}th {vertical-align:bottom}td {vertical-align:top}table a {font-weight:bold}.stripe td {background-color: #E6EBF9}.num {text-align:right}.passedodd td {background-color: #3F3}.passedeven td {background-color: #0A0}.skippedodd td {background-color: #DDD}.skippedeven td {background-color: #CCC}.failedodd td,.attn {background-color: #F33}.failedeven td,.stripe .attn {background-color: #D00}.stacktrace {white-space:pre;font-family:monospace}.totop {font-size:85%;text-align:center;border-bottom:2px solid #000}.invisible {display:none}</style>
</head>
<body>
<table>
<tr><th>Test</th><th># Passed</th><th># Skipped</th><th># Retried</th><th># Failed</th><th>Time (ms)</th><th>Included Groups</th><th>Excluded Groups</th></tr>
<tr><th colspan="8">Failed suite [Suite]</th></tr>
<tr><td><a href="#t0">ChromeTest(failed)</a></td><td class="num">0</td><td class="num">0</td><td class="num">0</td><td class="num attn">2</td><td class="num">46,112</td><td></td><td></td></tr>
<tr class="stripe"><td><a href="#t1">EdgeTest(failed)</a></td><td class="num">0</td><td class="num">0</td><td class="num">0</td><td class="num attn">2</td><td class="num">76,315</td><td></td><td></td></tr>
<tr><th>Total</th><th class="num">0</th><th class="num">0</th><th class="num">0</th><th class="num attn">4</th><th class="num">122,427</th><th colspan="2"></th></tr>
</table>
<table id='summary'><thead><tr><th>Class</th><th>Method</th><th>Start</th><th>Time (ms)</th></tr></thead><tbody><tr><th colspan="4">Failed suite [Suite]</th></tr></tbody><tbody id="t0"><tr><th colspan="4">ChromeTest(failed) &#8212; failed</th></tr><tr class="failedeven"><td rowspan="1">test.TestClass</td><td><a href="#m0">verifyTaskPage</a></td><td rowspan="1">1646941028464</td><td rowspan="1">14810</td></tr><tr class="failedodd"><td rowspan="1">test.VerifyApplicationHeader</td><td><a href="#m1">verifyTaskPage</a></td><td rowspan="1">1646941028461</td><td rowspan="1">14810</td></tr></tbody>
<tbody id="t1"><tr><th colspan="4">EdgeTest(failed) &#8212; failed</th></tr><tr class="failedeven"><td rowspan="1">test.TestClass</td><td><a href="#m2">verifyTaskPage</a></td><td rowspan="1">1646941098063</td><td rowspan="1">20466</td></tr><tr class="failedodd"><td rowspan="1">test.VerifyApplicationHeader</td><td><a href="#m3">verifyTaskPage</a></td><td rowspan="1">1646941098063</td><td rowspan="1">20484</td></tr></tbody>
</table>
<h2>ChromeTest(failed)</h2><h3 id="m0">test.TestClass#verifyTaskPage</h3><table class="result"><tr><th>Exception</th></tr><tr><td><div class="stacktrace">java.lang.AssertionError: expected [http://localhost/tasks/otasklist.] but found [http://localhost/tasks/otasklist.do]
	at test.TestClass.verifyTaskPage(TestClass.java:91)
	at java.base/java.util.concurrent.ThreadPoolExecutor.runWorker(ThreadPoolExecutor.java:1136)
	at java.base/java.util.concurrent.ThreadPoolExecutor$Worker.run(ThreadPoolExecutor.java:635)
	at java.base/java.lang.Thread.run(Thread.java:833)
... Removed 18 stack frames</div></td></tr></table><p class="totop"><a href="#summary">back to summary</a></p>
<h3 id="m1">test.VerifyApplicationHeader#verifyTaskPage</h3><table class="result"><tr><th>Exception</th></tr><tr><td><div class="stacktrace">java.lang.AssertionError: expected [http://localhost/tasks/otasklist.] but found [http://localhost/tasks/otasklist.do]
	at test.VerifyApplicationHeader.verifyTaskPage(VerifyApplicationHeader.java:91)
	at java.base/java.util.concurrent.ThreadPoolExecutor.runWorker(ThreadPoolExecutor.java:1136)
	at java.base/java.util.concurrent.ThreadPoolExecutor$Worker.run(ThreadPoolExecutor.java:635)
	at java.base/java.lang.Thread.run(Thread.java:833)
... Removed 18 stack frames</div></td></tr></table><p class="totop"><a href="#summary">back to summary</a></p>
<h2>EdgeTest(failed)</h2><h3 id="m2">test.TestClass#verifyTaskPage</h3><table class="result"><tr><th>Exception</th></tr><tr><td><div class="stacktrace">java.lang.AssertionError: expected [http://localhost/tasks/otasklist.] but found [http://localhost/tasks/otasklist.do]
	at test.TestClass.verifyTaskPage(TestClass.java:91)
	at java.base/java.util.concurrent.ThreadPoolExecutor.runWorker(ThreadPoolExecutor.java:1136)
	at java.base/java.util.concurrent.ThreadPoolExecutor$Worker.run(ThreadPoolExecutor.java:635)
	at java.base/java.lang.Thread.run(Thread.java:833)
... Removed 18 stack frames</div></td></tr></table><p class="totop"><a href="#summary">back to summary</a></p>
<h3 id="m3">test.VerifyApplicationHeader#verifyTaskPage</h3><table class="result"><tr><th>Exception</th></tr><tr><td><div class="stacktrace">java.lang.AssertionError: expected [http://localhost/tasks/otasklist.] but found [http://localhost/tasks/otasklist.do]
	at test.VerifyApplicationHeader.verifyTaskPage(VerifyApplicationHeader.java:91)
	at java.base/java.util.concurrent.ThreadPoolExecutor.runWorker(ThreadPoolExecutor.java:1136)
	at java.base/java.util.concurrent.ThreadPoolExecutor$Worker.run(ThreadPoolExecutor.java:635)
	at java.base/java.lang.Thread.run(Thread.java:833)
... Removed 18 stack frames</div></td></tr></table><p class="totop"><a href="#summary">back to summary</a></p>
</body>
</html>
